<?xml version="1.0" encoding="UTF-8"?>
<testng-results ignored="0" total="3" passed="3" failed="0" skipped="0">
  <reporter-output>
  </reporter-output>
  <suite started-at="2021-12-28T04:20:54 MSK" name="test.HomePageTest" finished-at="2021-12-28T04:21:11 MSK" duration-ms="16689">
    <groups>
    </groups>
    <test started-at="2021-12-28T04:20:54 MSK" name="Command line test" finished-at="2021-12-28T04:21:11 MSK" duration-ms="16689">
      <class name="test.HomePageTest">
        <test-method is-config="true" signature="browserSetUp()[pri:0, instance:test.HomePageTest@4148db48]" started-at="2021-12-28T04:20:54 MSK" name="browserSetUp" finished-at="2021-12-28T04:20:57 MSK" duration-ms="2775" status="PASS">
          <reporter-output>
          </reporter-output>
        </test-method> <!-- browserSetUp -->
        <test-method signature="checkAddKidButtonTest()[pri:0, instance:test.HomePageTest@4148db48]" started-at="2021-12-28T04:20:57 MSK" name="checkAddKidButtonTest" finished-at="2021-12-28T04:21:00 MSK" duration-ms="3110" status="PASS">
          <reporter-output>
          </reporter-output>
        </test-method> <!-- checkAddKidButtonTest -->
        <test-method is-config="true" signature="browserTearDown()[pri:0, instance:test.HomePageTest@4148db48]" started-at="2021-12-28T04:21:00 MSK" name="browserTearDown" finished-at="2021-12-28T04:21:01 MSK" duration-ms="652" status="PASS">
          <reporter-output>
          </reporter-output>
        </test-method> <!-- browserTearDown -->
        <test-method is-config="true" signature="browserSetUp()[pri:0, instance:test.HomePageTest@4148db48]" started-at="2021-12-28T04:21:01 MSK" name="browserSetUp" finished-at="2021-12-28T04:21:02 MSK" duration-ms="1480" status="PASS">
          <reporter-output>
          </reporter-output>
        </test-method> <!-- browserSetUp -->
        <test-method signature="checkBusinessClassButton()[pri:0, instance:test.HomePageTest@4148db48]" started-at="2021-12-28T04:21:02 MSK" name="checkBusinessClassButton" finished-at="2021-12-28T04:21:05 MSK" duration-ms="2871" status="PASS">
          <reporter-output>
          </reporter-output>
        </test-method> <!-- checkBusinessClassButton -->
        <test-method is-config="true" signature="browserTearDown()[pri:0, instance:test.HomePageTest@4148db48]" started-at="2021-12-28T04:21:05 MSK" name="browserTearDown" finished-at="2021-12-28T04:21:06 MSK" duration-ms="624" status="PASS">
          <reporter-output>
          </reporter-output>
        </test-method> <!-- browserTearDown -->
        <test-method is-config="true" signature="browserSetUp()[pri:0, instance:test.HomePageTest@4148db48]" started-at="2021-12-28T04:21:06 MSK" name="browserSetUp" finished-at="2021-12-28T04:21:07 MSK" duration-ms="1439" status="PASS">
          <reporter-output>
          </reporter-output>
        </test-method> <!-- browserSetUp -->
        <test-method signature="findTripWithNoDataTest()[pri:0, instance:test.HomePageTest@4148db48]" started-at="2021-12-28T04:21:07 MSK" name="findTripWithNoDataTest" finished-at="2021-12-28T04:21:10 MSK" duration-ms="2984" status="PASS">
          <reporter-output>
          </reporter-output>
        </test-method> <!-- findTripWithNoDataTest -->
        <test-method is-config="true" signature="browserTearDown()[pri:0, instance:test.HomePageTest@4148db48]" started-at="2021-12-28T04:21:10 MSK" name="browserTearDown" finished-at="2021-12-28T04:21:11 MSK" duration-ms="721" status="PASS">
          <reporter-output>
          </reporter-output>
        </test-method> <!-- browserTearDown -->
      </class> <!-- test.HomePageTest -->
    </test> <!-- Command line test -->
  </suite> <!-- test.HomePageTest -->
</testng-results>
