<?xml version="1.0" encoding="UTF-8"?>
<!-- Generated by org.testng.reporters.JUnitXMLReporter -->
<testsuite ignored="0" hostname="DESKTOP-NT4Q512" failures="0" tests="3" name="Command line test" time="16.689" errors="0" timestamp="2021-12-28T04:21:11 MSK">
  <testcase classname="test.HomePageTest" name="checkAddKidButtonTest" time="3.11"/>
  <testcase classname="test.HomePageTest" name="checkBusinessClassButton" time="2.871"/>
  <testcase classname="test.HomePageTest" name="findTripWithNoDataTest" time="2.984"/>
</testsuite> <!-- Command line test -->
